This file contains any messages produced by compilers while
running configure, to aid debugging if configure makes a mistake.

It was created by FastMath configure 1.1, which was
generated by GNU Autoconf 2.63.  Invocation command line was

  $ ./configure --prefix=/home/cunningham.wi/release/fastmath

## --------- ##
## Platform. ##
## --------- ##

hostname = discovery2.neu.edu
uname -m = x86_64
uname -r = 2.6.32-279.el6.x86_64
uname -s = Linux
uname -v = #1 SMP Wed Jun 13 18:24:36 EDT 2012

/usr/bin/uname -p = unknown
/bin/uname -X     = unknown

/bin/arch              = x86_64
/usr/bin/arch -k       = unknown
/usr/convex/getsysinfo = unknown
/usr/bin/hostinfo      = unknown
/bin/machine           = unknown
/usr/bin/oslevel       = unknown
/bin/universe          = unknown

PATH: /shared/apps/gnu-compilers/gnu-4.8.1/gcc-4.8.1/INSTALL/bin
PATH: /shared/apps/cuda7.0/bin
PATH: /shared/apps/boost/boost_1_55_0
PATH: /shared/apps/boost/boost_1_55_0/boost
PATH: /shared/apps/fftw/fftw-3.3.3/INSTALL/bin
PATH: /shared/apps/gnu-compilers/usr/bin
PATH: /usr/lib64/qt-3.3/bin
PATH: /opt/ibm/platform_mpi/bin
PATH: /shared/apps/lsf/9.1/linux2.6-glibc2.3-x86_64/etc
PATH: /shared/apps/lsf/9.1/linux2.6-glibc2.3-x86_64/bin
PATH: /usr/local/bin
PATH: /bin
PATH: /usr/bin
PATH: /usr/local/sbin
PATH: /usr/sbin
PATH: /sbin
PATH: /home/cunningham.wi/bin


## ----------- ##
## Core tests. ##
## ----------- ##

configure:1922: checking for a BSD-compatible install
configure:1990: result: /usr/bin/install -c
configure:2001: checking whether build environment is sane
configure:2061: result: yes
configure:2202: checking for a thread-safe mkdir -p
configure:2241: result: /bin/mkdir -p
configure:2254: checking for gawk
configure:2270: found /bin/gawk
configure:2281: result: gawk
configure:2292: checking whether make sets $(MAKE)
configure:2314: result: yes
configure:2450: checking for gcc
configure:2466: found /shared/apps/gnu-compilers/gnu-4.8.1/gcc-4.8.1/INSTALL/bin/gcc
configure:2477: result: gcc
configure:2709: checking for C compiler version
configure:2717: gcc --version >&5
gcc (GCC) 4.8.1
Copyright (C) 2013 Free Software Foundation, Inc.
This is free software; see the source for copying conditions.  There is NO
warranty; not even for MERCHANTABILITY or FITNESS FOR A PARTICULAR PURPOSE.

configure:2721: $? = 0
configure:2728: gcc -v >&5
Using built-in specs.
COLLECT_GCC=gcc
COLLECT_LTO_WRAPPER=/shared/apps/gnu-compilers/gnu-4.8.1/gcc-4.8.1/INSTALL/libexec/gcc/x86_64-unknown-linux-gnu/4.8.1/lto-wrapper
Target: x86_64-unknown-linux-gnu
Configured with: ./configure --prefix=/shared/apps/gnu-compilers/gnu-4.8.1/gcc-4.8.1/INSTALL --disable-libstdcxx-pch
Thread model: posix
gcc version 4.8.1 (GCC) 
configure:2732: $? = 0
configure:2739: gcc -V >&5
gcc: error: unrecognized command line option '-V'
gcc: fatal error: no input files
compilation terminated.
configure:2743: $? = 1
configure:2766: checking for C compiler default output file name
configure:2788: gcc    conftest.c  >&5
configure:2792: $? = 0
configure:2830: result: a.out
configure:2849: checking whether the C compiler works
configure:2859: ./a.out
configure:2863: $? = 0
configure:2882: result: yes
configure:2889: checking whether we are cross compiling
configure:2891: result: no
configure:2894: checking for suffix of executables
configure:2901: gcc -o conftest    conftest.c  >&5
configure:2905: $? = 0
configure:2931: result: 
configure:2937: checking for suffix of object files
configure:2963: gcc -c   conftest.c >&5
configure:2967: $? = 0
configure:2992: result: o
configure:2996: checking whether we are using the GNU C compiler
configure:3025: gcc -c   conftest.c >&5
configure:3032: $? = 0
configure:3049: result: yes
configure:3058: checking whether gcc accepts -g
configure:3088: gcc -c -g  conftest.c >&5
configure:3095: $? = 0
configure:3196: result: yes
configure:3213: checking for gcc option to accept ISO C89
configure:3287: gcc  -c -g -O2  conftest.c >&5
configure:3294: $? = 0
configure:3317: result: none needed
configure:3346: checking for style of include used by make
configure:3374: result: GNU
configure:3399: checking dependency style of gcc
configure:3509: result: gcc3
configure:3582: checking for g++
configure:3598: found /shared/apps/gnu-compilers/gnu-4.8.1/gcc-4.8.1/INSTALL/bin/g++
configure:3609: result: g++
configure:3636: checking for C++ compiler version
configure:3644: g++ --version >&5
g++ (GCC) 4.8.1
Copyright (C) 2013 Free Software Foundation, Inc.
This is free software; see the source for copying conditions.  There is NO
warranty; not even for MERCHANTABILITY or FITNESS FOR A PARTICULAR PURPOSE.

configure:3648: $? = 0
configure:3655: g++ -v >&5
Using built-in specs.
COLLECT_GCC=g++
COLLECT_LTO_WRAPPER=/shared/apps/gnu-compilers/gnu-4.8.1/gcc-4.8.1/INSTALL/libexec/gcc/x86_64-unknown-linux-gnu/4.8.1/lto-wrapper
Target: x86_64-unknown-linux-gnu
Configured with: ./configure --prefix=/shared/apps/gnu-compilers/gnu-4.8.1/gcc-4.8.1/INSTALL --disable-libstdcxx-pch
Thread model: posix
gcc version 4.8.1 (GCC) 
configure:3659: $? = 0
configure:3666: g++ -V >&5
g++: error: unrecognized command line option '-V'
g++: fatal error: no input files
compilation terminated.
configure:3670: $? = 1
configure:3673: checking whether we are using the GNU C++ compiler
configure:3702: g++ -c   conftest.cpp >&5
configure:3709: $? = 0
configure:3726: result: yes
configure:3735: checking whether g++ accepts -g
configure:3765: g++ -c -g  conftest.cpp >&5
configure:3772: $? = 0
configure:3873: result: yes
configure:3898: checking dependency style of g++
configure:4008: result: gcc3
configure:4066: checking for ranlib
configure:4082: found /usr/bin/ranlib
configure:4093: result: ranlib
configure:4127: checking for C++ compiler vendor
configure:4184: g++ -c -g -O2  conftest.cpp >&5
conftest.cpp: In function 'int main()':
conftest.cpp:16:9: error: 'thisisanerror' was not declared in this scope
         thisisanerror;
         ^
configure:4191: $? = 1
configure: failed program was:
| /* confdefs.h.  */
| #define PACKAGE_NAME "FastMath"
| #define PACKAGE_TARNAME "fastmath"
| #define PACKAGE_VERSION "1.1"
| #define PACKAGE_STRING "FastMath 1.1"
| #define PACKAGE_BUGREPORT "w.cunningham@northeastern.edu"
| #define PACKAGE "fastmath"
| #define VERSION "1.1"
| /* end confdefs.h.  */
| 
| int
| main ()
| {
| 
|       #if !(defined(__ICC) || defined(__ECC) || defined(__INTEL_COMPILER))
|         thisisanerror;
|       #endif
| 
|   ;
|   return 0;
| }
configure:4184: g++ -c -g -O2  conftest.cpp >&5
conftest.cpp: In function 'int main()':
conftest.cpp:16:9: error: 'thisisanerror' was not declared in this scope
         thisisanerror;
         ^
configure:4191: $? = 1
configure: failed program was:
| /* confdefs.h.  */
| #define PACKAGE_NAME "FastMath"
| #define PACKAGE_TARNAME "fastmath"
| #define PACKAGE_VERSION "1.1"
| #define PACKAGE_STRING "FastMath 1.1"
| #define PACKAGE_BUGREPORT "w.cunningham@northeastern.edu"
| #define PACKAGE "fastmath"
| #define VERSION "1.1"
| /* end confdefs.h.  */
| 
| int
| main ()
| {
| 
|       #if !(defined(__xlc__) || defined(__xlC__) || defined(__IBMC__) || defined(__IBMCPP__))
|         thisisanerror;
|       #endif
| 
|   ;
|   return 0;
| }
configure:4184: g++ -c -g -O2  conftest.cpp >&5
conftest.cpp: In function 'int main()':
conftest.cpp:16:9: error: 'thisisanerror' was not declared in this scope
         thisisanerror;
         ^
configure:4191: $? = 1
configure: failed program was:
| /* confdefs.h.  */
| #define PACKAGE_NAME "FastMath"
| #define PACKAGE_TARNAME "fastmath"
| #define PACKAGE_VERSION "1.1"
| #define PACKAGE_STRING "FastMath 1.1"
| #define PACKAGE_BUGREPORT "w.cunningham@northeastern.edu"
| #define PACKAGE "fastmath"
| #define VERSION "1.1"
| /* end confdefs.h.  */
| 
| int
| main ()
| {
| 
|       #if !(defined(__PATHCC__) || defined(__PATHSCALE__))
|         thisisanerror;
|       #endif
| 
|   ;
|   return 0;
| }
configure:4184: g++ -c -g -O2  conftest.cpp >&5
conftest.cpp: In function 'int main()':
conftest.cpp:16:9: error: 'thisisanerror' was not declared in this scope
         thisisanerror;
         ^
configure:4191: $? = 1
configure: failed program was:
| /* confdefs.h.  */
| #define PACKAGE_NAME "FastMath"
| #define PACKAGE_TARNAME "fastmath"
| #define PACKAGE_VERSION "1.1"
| #define PACKAGE_STRING "FastMath 1.1"
| #define PACKAGE_BUGREPORT "w.cunningham@northeastern.edu"
| #define PACKAGE "fastmath"
| #define VERSION "1.1"
| /* end confdefs.h.  */
| 
| int
| main ()
| {
| 
|       #if !(defined(__clang__))
|         thisisanerror;
|       #endif
| 
|   ;
|   return 0;
| }
configure:4184: g++ -c -g -O2  conftest.cpp >&5
conftest.cpp: In function 'int main()':
conftest.cpp:16:9: error: 'thisisanerror' was not declared in this scope
         thisisanerror;
         ^
configure:4191: $? = 1
configure: failed program was:
| /* confdefs.h.  */
| #define PACKAGE_NAME "FastMath"
| #define PACKAGE_TARNAME "fastmath"
| #define PACKAGE_VERSION "1.1"
| #define PACKAGE_STRING "FastMath 1.1"
| #define PACKAGE_BUGREPORT "w.cunningham@northeastern.edu"
| #define PACKAGE "fastmath"
| #define VERSION "1.1"
| /* end confdefs.h.  */
| 
| int
| main ()
| {
| 
|       #if !(defined(_CRAYC))
|         thisisanerror;
|       #endif
| 
|   ;
|   return 0;
| }
configure:4184: g++ -c -g -O2  conftest.cpp >&5
conftest.cpp: In function 'int main()':
conftest.cpp:16:9: error: 'thisisanerror' was not declared in this scope
         thisisanerror;
         ^
configure:4191: $? = 1
configure: failed program was:
| /* confdefs.h.  */
| #define PACKAGE_NAME "FastMath"
| #define PACKAGE_TARNAME "fastmath"
| #define PACKAGE_VERSION "1.1"
| #define PACKAGE_STRING "FastMath 1.1"
| #define PACKAGE_BUGREPORT "w.cunningham@northeastern.edu"
| #define PACKAGE "fastmath"
| #define VERSION "1.1"
| /* end confdefs.h.  */
| 
| int
| main ()
| {
| 
|       #if !(defined(__FUJITSU))
|         thisisanerror;
|       #endif
| 
|   ;
|   return 0;
| }
configure:4184: g++ -c -g -O2  conftest.cpp >&5
configure:4191: $? = 0
configure:4209: result: gnu
configure:4212: checking for a sed that does not truncate output
configure:4278: result: /bin/sed
configure:4285: checking for C++ compiler version
configure:10930: g++ -o conftest -g -O2   conftest.cpp  >&5
configure:10934: $? = 0
configure:10940: ./conftest
configure:10944: $? = 0
configure:11261: g++ -o conftest -g -O2   conftest.cpp  >&5
configure:11265: $? = 0
configure:11271: ./conftest
configure:11275: $? = 0
configure:11592: g++ -o conftest -g -O2   conftest.cpp  >&5
configure:11596: $? = 0
configure:11602: ./conftest
configure:11606: $? = 0
configure:26285: result: 4.8.1
configure:26333: checking whether g++ supports C++11 features by default
configure:26637: g++ -c -g -O2  conftest.cpp >&5
conftest.cpp:21:2: error: #error "This is not a C++11 compiler"
 #error "This is not a C++11 compiler"
  ^
configure:26644: $? = 1
configure: failed program was:
| /* confdefs.h.  */
| #define PACKAGE_NAME "FastMath"
| #define PACKAGE_TARNAME "fastmath"
| #define PACKAGE_VERSION "1.1"
| #define PACKAGE_STRING "FastMath 1.1"
| #define PACKAGE_BUGREPORT "w.cunningham@northeastern.edu"
| #define PACKAGE "fastmath"
| #define VERSION "1.1"
| /* end confdefs.h.  */
| 
| 
| // If the compiler admits that it is not ready for C++11, why torture it?
| // Hopefully, this will speed up the test.
| 
| #ifndef __cplusplus
| 
| #error "This is not a C++ compiler"
| 
| #elif __cplusplus < 201103L
| 
| #error "This is not a C++11 compiler"
| 
| #else
| 
| namespace cxx11
| {
| 
|   namespace test_static_assert
|   {
| 
|     template <typename T>
|     struct check
|     {
|       static_assert(sizeof(int) <= sizeof(T), "not big enough");
|     };
| 
|   }
| 
|   namespace test_final_override
|   {
| 
|     struct Base
|     {
|       virtual void f() {}
|     };
| 
|     struct Derived : public Base
|     {
|       virtual void f() override {}
|     };
| 
|   }
| 
|   namespace test_double_right_angle_brackets
|   {
| 
|     template < typename T >
|     struct check {};
| 
|     typedef check<void> single_type;
|     typedef check<check<void>> double_type;
|     typedef check<check<check<void>>> triple_type;
|     typedef check<check<check<check<void>>>> quadruple_type;
| 
|   }
| 
|   namespace test_decltype
|   {
| 
|     int
|     f()
|     {
|       int a = 1;
|       decltype(a) b = 2;
|       return a + b;
|     }
| 
|   }
| 
|   namespace test_type_deduction
|   {
| 
|     template < typename T1, typename T2 >
|     struct is_same
|     {
|       static const bool value = false;
|     };
| 
|     template < typename T >
|     struct is_same<T, T>
|     {
|       static const bool value = true;
|     };
| 
|     template < typename T1, typename T2 >
|     auto
|     add(T1 a1, T2 a2) -> decltype(a1 + a2)
|     {
|       return a1 + a2;
|     }
| 
|     int
|     test(const int c, volatile int v)
|     {
|       static_assert(is_same<int, decltype(0)>::value == true, "");
|       static_assert(is_same<int, decltype(c)>::value == false, "");
|       static_assert(is_same<int, decltype(v)>::value == false, "");
|       auto ac = c;
|       auto av = v;
|       auto sumi = ac + av + 'x';
|       auto sumf = ac + av + 1.0;
|       static_assert(is_same<int, decltype(ac)>::value == true, "");
|       static_assert(is_same<int, decltype(av)>::value == true, "");
|       static_assert(is_same<int, decltype(sumi)>::value == true, "");
|       static_assert(is_same<int, decltype(sumf)>::value == false, "");
|       static_assert(is_same<int, decltype(add(c, v))>::value == true, "");
|       return (sumf > 0.0) ? sumi : add(c, v);
|     }
| 
|   }
| 
|   namespace test_noexcept
|   {
| 
|     int f() { return 0; }
|     int g() noexcept { return 0; }
| 
|     static_assert(noexcept(f()) == false, "");
|     static_assert(noexcept(g()) == true, "");
| 
|   }
| 
|   namespace test_constexpr
|   {
| 
|     template < typename CharT >
|     unsigned long constexpr
|     strlen_c_r(const CharT *const s, const unsigned long acc) noexcept
|     {
|       return *s ? strlen_c_r(s + 1, acc + 1) : acc;
|     }
| 
|     template < typename CharT >
|     unsigned long constexpr
|     strlen_c(const CharT *const s) noexcept
|     {
|       return strlen_c_r(s, 0UL);
|     }
| 
|     static_assert(strlen_c("") == 0UL, "");
|     static_assert(strlen_c("1") == 1UL, "");
|     static_assert(strlen_c("example") == 7UL, "");
|     static_assert(strlen_c("another\0example") == 7UL, "");
| 
|   }
| 
|   namespace test_rvalue_references
|   {
| 
|     template < int N >
|     struct answer
|     {
|       static constexpr int value = N;
|     };
| 
|     answer<1> f(int&)       { return answer<1>(); }
|     answer<2> f(const int&) { return answer<2>(); }
|     answer<3> f(int&&)      { return answer<3>(); }
| 
|     void
|     test()
|     {
|       int i = 0;
|       const int c = 0;
|       static_assert(decltype(f(i))::value == 1, "");
|       static_assert(decltype(f(c))::value == 2, "");
|       static_assert(decltype(f(0))::value == 3, "");
|     }
| 
|   }
| 
|   namespace test_uniform_initialization
|   {
| 
|     struct test
|     {
|       static const int zero {};
|       static const int one {1};
|     };
| 
|     static_assert(test::zero == 0, "");
|     static_assert(test::one == 1, "");
| 
|   }
| 
|   namespace test_lambdas
|   {
| 
|     void
|     test1()
|     {
|       auto lambda1 = [](){};
|       auto lambda2 = lambda1;
|       lambda1();
|       lambda2();
|     }
| 
|     int
|     test2()
|     {
|       auto a = [](int i, int j){ return i + j; }(1, 2);
|       auto b = []() -> int { return '0'; }();
|       auto c = [=](){ return a + b; }();
|       auto d = [&](){ return c; }();
|       auto e = [a, &b](int x) mutable {
|         const auto identity = [](int y){ return y; };
|         for (auto i = 0; i < a; ++i)
|           a += b--;
|         return x + identity(a + b);
|       }(0);
|       return a + b + c + d + e;
|     }
| 
|     int
|     test3()
|     {
|       const auto nullary = [](){ return 0; };
|       const auto unary = [](int x){ return x; };
|       using nullary_t = decltype(nullary);
|       using unary_t = decltype(unary);
|       const auto higher1st = [](nullary_t f){ return f(); };
|       const auto higher2nd = [unary](nullary_t f1){
|         return [unary, f1](unary_t f2){ return f2(unary(f1())); };
|       };
|       return higher1st(nullary) + higher2nd(nullary)(unary);
|     }
| 
|   }
| 
|   namespace test_variadic_templates
|   {
| 
|     template <int...>
|     struct sum;
| 
|     template <int N0, int... N1toN>
|     struct sum<N0, N1toN...>
|     {
|       static constexpr auto value = N0 + sum<N1toN...>::value;
|     };
| 
|     template <>
|     struct sum<>
|     {
|       static constexpr auto value = 0;
|     };
| 
|     static_assert(sum<>::value == 0, "");
|     static_assert(sum<1>::value == 1, "");
|     static_assert(sum<23>::value == 23, "");
|     static_assert(sum<1, 2>::value == 3, "");
|     static_assert(sum<5, 5, 11>::value == 21, "");
|     static_assert(sum<2, 3, 5, 7, 11, 13>::value == 41, "");
| 
|   }
| 
|   // http://stackoverflow.com/questions/13728184/template-aliases-and-sfinae
|   // Clang 3.1 fails with headers of libstd++ 4.8.3 when using std::function
|   // because of this.
|   namespace test_template_alias_sfinae
|   {
| 
|     struct foo {};
| 
|     template<typename T>
|     using member = typename T::member_type;
| 
|     template<typename T>
|     void func(...) {}
| 
|     template<typename T>
|     void func(member<T>*) {}
| 
|     void test();
| 
|     void test() { func<foo>(0); }
| 
|   }
| 
| }  // namespace cxx11
| 
| #endif  // __cplusplus >= 201103L
| 
| 
| 
configure:26659: result: no
configure:26668: checking whether g++ supports C++11 features with -std=gnu++11
configure:26974: g++ -std=gnu++11 -c -g -O2  conftest.cpp >&5
configure:26981: $? = 0
configure:26999: result: yes
configure:27421: checking for gsl-config
configure:27439: found /usr/bin/gsl-config
configure:27452: result: /usr/bin/gsl-config
configure:27461: checking for GSL - version >= 1.13
configure:27565: g++ -std=gnu++11 -o conftest -g -O2   conftest.cpp  -lgsl -lgslcblas -lm >&5
configure:27569: $? = 0
configure:27575: ./conftest
configure:27579: $? = 0
configure:27600: result: yes
configure:27692: checking for grep that handles long lines and -e
configure:27752: result: /bin/grep
configure:27762: checking how to run the C++ preprocessor
configure:27798: g++ -std=gnu++11 -E  conftest.cpp
configure:27805: $? = 0
configure:27836: g++ -std=gnu++11 -E  conftest.cpp
conftest.cpp:11:28: fatal error: ac_nonexistent.h: No such file or directory
 #include <ac_nonexistent.h>
                            ^
compilation terminated.
configure:27843: $? = 1
configure: failed program was:
| /* confdefs.h.  */
| #define PACKAGE_NAME "FastMath"
| #define PACKAGE_TARNAME "fastmath"
| #define PACKAGE_VERSION "1.1"
| #define PACKAGE_STRING "FastMath 1.1"
| #define PACKAGE_BUGREPORT "w.cunningham@northeastern.edu"
| #define PACKAGE "fastmath"
| #define VERSION "1.1"
| #define HAVE_CXX11 1
| /* end confdefs.h.  */
| #include <ac_nonexistent.h>
configure:27876: result: g++ -std=gnu++11 -E
configure:27905: g++ -std=gnu++11 -E  conftest.cpp
configure:27912: $? = 0
configure:27943: g++ -std=gnu++11 -E  conftest.cpp
conftest.cpp:11:28: fatal error: ac_nonexistent.h: No such file or directory
 #include <ac_nonexistent.h>
                            ^
compilation terminated.
configure:27950: $? = 1
configure: failed program was:
| /* confdefs.h.  */
| #define PACKAGE_NAME "FastMath"
| #define PACKAGE_TARNAME "fastmath"
| #define PACKAGE_VERSION "1.1"
| #define PACKAGE_STRING "FastMath 1.1"
| #define PACKAGE_BUGREPORT "w.cunningham@northeastern.edu"
| #define PACKAGE "fastmath"
| #define VERSION "1.1"
| #define HAVE_CXX11 1
| /* end confdefs.h.  */
| #include <ac_nonexistent.h>
configure: this is boost.m4 serial 26
configure:28018: checking for Boost headers version >= 1.55.0
configure:28099: g++ -std=gnu++11 -c -g -O2  conftest.cpp >&5
configure:28106: $? = 0
configure:28135: result: yes
configure:28158: checking for Boost's header version
configure:28194: result: 1_55
configure:28210: checking for cos in -lm
configure:28245: g++ -std=gnu++11 -o conftest -g -O2   conftest.cpp -lm   >&5
configure:28252: $? = 0
configure:28273: result: yes
configure:28289: checking for cblas_dgemm in -lgslcblas
configure:28324: g++ -std=gnu++11 -o conftest -g -O2   conftest.cpp -lgslcblas  -lm  >&5
configure:28331: $? = 0
configure:28352: result: yes
configure:28368: checking for gsl_blas_dgemm in -lgsl
configure:28403: g++ -std=gnu++11 -o conftest -g -O2   conftest.cpp -lgsl  -lgslcblas -lm  >&5
configure:28410: $? = 0
configure:28431: result: yes
configure:28447: checking for main in -lstdc++
configure:28476: g++ -std=gnu++11 -o conftest -g -O2   conftest.cpp -lstdc++  -lgsl -lgslcblas -lm  >&5
configure:28483: $? = 0
configure:28504: result: yes
configure:28520: checking for src/stopwatch.cpp
configure:28535: result: yes
configure:28549: checking for src/FastMath.cpp
configure:28564: result: yes
configure:28578: checking for src/FastNumInt.cpp
configure:28593: result: yes
configure:28608: checking for inc/stopwatch.h
configure:28623: result: yes
configure:28637: checking for inc/FastMath.h
configure:28652: result: yes
configure:28666: checking for inc/FastNumInt.h
configure:28681: result: yes
configure:28695: checking for inc/FastBitset.h
configure:28710: result: yes
configure:28724: checking for inc/fastapprox.h
configure:28739: result: yes
configure:28754: checking for nint/nint.cpp
configure:28769: result: yes
configure:28783: checking for nint/nint.hpp
configure:28798: result: yes
configure:28814: checking for egrep
configure:28878: result: /bin/grep -E
configure:28883: checking for ANSI C header files
configure:28913: g++ -std=gnu++11 -c -g -O2  conftest.cpp >&5
configure:28920: $? = 0
configure:29019: g++ -std=gnu++11 -o conftest -g -O2   conftest.cpp -lstdc++ -lgsl -lgslcblas -lm  >&5
configure:29023: $? = 0
configure:29029: ./conftest
configure:29033: $? = 0
configure:29051: result: yes
configure:29075: checking for sys/types.h
configure:29096: g++ -std=gnu++11 -c -g -O2  conftest.cpp >&5
configure:29103: $? = 0
configure:29120: result: yes
configure:29075: checking for sys/stat.h
configure:29096: g++ -std=gnu++11 -c -g -O2  conftest.cpp >&5
configure:29103: $? = 0
configure:29120: result: yes
configure:29075: checking for stdlib.h
configure:29096: g++ -std=gnu++11 -c -g -O2  conftest.cpp >&5
configure:29103: $? = 0
configure:29120: result: yes
configure:29075: checking for string.h
configure:29096: g++ -std=gnu++11 -c -g -O2  conftest.cpp >&5
configure:29103: $? = 0
configure:29120: result: yes
configure:29075: checking for memory.h
configure:29096: g++ -std=gnu++11 -c -g -O2  conftest.cpp >&5
configure:29103: $? = 0
configure:29120: result: yes
configure:29075: checking for strings.h
configure:29096: g++ -std=gnu++11 -c -g -O2  conftest.cpp >&5
configure:29103: $? = 0
configure:29120: result: yes
configure:29075: checking for inttypes.h
configure:29096: g++ -std=gnu++11 -c -g -O2  conftest.cpp >&5
configure:29103: $? = 0
configure:29120: result: yes
configure:29075: checking for stdint.h
configure:29096: g++ -std=gnu++11 -c -g -O2  conftest.cpp >&5
configure:29103: $? = 0
configure:29120: result: yes
configure:29075: checking for unistd.h
configure:29096: g++ -std=gnu++11 -c -g -O2  conftest.cpp >&5
configure:29103: $? = 0
configure:29120: result: yes
configure:29162: checking assert.h usability
configure:29179: g++ -std=gnu++11 -c -g -O2  conftest.cpp >&5
configure:29186: $? = 0
configure:29200: result: yes
configure:29204: checking assert.h presence
configure:29219: g++ -std=gnu++11 -E  conftest.cpp
configure:29226: $? = 0
configure:29240: result: yes
configure:29273: checking for assert.h
configure:29282: result: yes
configure:29162: checking cstdlib usability
configure:29179: g++ -std=gnu++11 -c -g -O2  conftest.cpp >&5
configure:29186: $? = 0
configure:29200: result: yes
configure:29204: checking cstdlib presence
configure:29219: g++ -std=gnu++11 -E  conftest.cpp
configure:29226: $? = 0
configure:29240: result: yes
configure:29273: checking for cstdlib
configure:29282: result: yes
configure:29162: checking algorithm usability
configure:29179: g++ -std=gnu++11 -c -g -O2  conftest.cpp >&5
configure:29186: $? = 0
configure:29200: result: yes
configure:29204: checking algorithm presence
configure:29219: g++ -std=gnu++11 -E  conftest.cpp
configure:29226: $? = 0
configure:29240: result: yes
configure:29273: checking for algorithm
configure:29282: result: yes
configure:29162: checking cstring usability
configure:29179: g++ -std=gnu++11 -c -g -O2  conftest.cpp >&5
configure:29186: $? = 0
configure:29200: result: yes
configure:29204: checking cstring presence
configure:29219: g++ -std=gnu++11 -E  conftest.cpp
configure:29226: $? = 0
configure:29240: result: yes
configure:29273: checking for cstring
configure:29282: result: yes
configure:29151: checking for inttypes.h
configure:29158: result: yes
configure:29162: checking limits.h usability
configure:29179: g++ -std=gnu++11 -c -g -O2  conftest.cpp >&5
configure:29186: $? = 0
configure:29200: result: yes
configure:29204: checking limits.h presence
configure:29219: g++ -std=gnu++11 -E  conftest.cpp
configure:29226: $? = 0
configure:29240: result: yes
configure:29273: checking for limits.h
configure:29282: result: yes
configure:29162: checking math.h usability
configure:29179: g++ -std=gnu++11 -c -g -O2  conftest.cpp >&5
configure:29186: $? = 0
configure:29200: result: yes
configure:29204: checking math.h presence
configure:29219: g++ -std=gnu++11 -E  conftest.cpp
configure:29226: $? = 0
configure:29240: result: yes
configure:29273: checking for math.h
configure:29282: result: yes
configure:29162: checking new usability
configure:29179: g++ -std=gnu++11 -c -g -O2  conftest.cpp >&5
configure:29186: $? = 0
configure:29200: result: yes
configure:29204: checking new presence
configure:29219: g++ -std=gnu++11 -E  conftest.cpp
configure:29226: $? = 0
configure:29240: result: yes
configure:29273: checking for new
configure:29282: result: yes
configure:29162: checking stddef.h usability
configure:29179: g++ -std=gnu++11 -c -g -O2  conftest.cpp >&5
configure:29186: $? = 0
configure:29200: result: yes
configure:29204: checking stddef.h presence
configure:29219: g++ -std=gnu++11 -E  conftest.cpp
configure:29226: $? = 0
configure:29240: result: yes
configure:29273: checking for stddef.h
configure:29282: result: yes
configure:29162: checking stdio.h usability
configure:29179: g++ -std=gnu++11 -c -g -O2  conftest.cpp >&5
configure:29186: $? = 0
configure:29200: result: yes
configure:29204: checking stdio.h presence
configure:29219: g++ -std=gnu++11 -E  conftest.cpp
configure:29226: $? = 0
configure:29240: result: yes
configure:29273: checking for stdio.h
configure:29282: result: yes
configure:29151: checking for stdlib.h
configure:29158: result: yes
configure:29162: checking sstream usability
configure:29179: g++ -std=gnu++11 -c -g -O2  conftest.cpp >&5
configure:29186: $? = 0
configure:29200: result: yes
configure:29204: checking sstream presence
configure:29219: g++ -std=gnu++11 -E  conftest.cpp
configure:29226: $? = 0
configure:29240: result: yes
configure:29273: checking for sstream
configure:29282: result: yes
configure:29151: checking for stdint.h
configure:29158: result: yes
configure:29311: checking emmintrin.h usability
configure:29328: g++ -std=gnu++11 -c -g -O2  conftest.cpp >&5
configure:29335: $? = 0
configure:29349: result: yes
configure:29353: checking emmintrin.h presence
configure:29368: g++ -std=gnu++11 -E  conftest.cpp
configure:29375: $? = 0
configure:29389: result: yes
configure:29422: checking for emmintrin.h
configure:29429: result: yes
configure:29459: checking gsl/gsl_errno.h usability
configure:29476: g++ -std=gnu++11 -c -g -O2  conftest.cpp >&5
configure:29483: $? = 0
configure:29497: result: yes
configure:29501: checking gsl/gsl_errno.h presence
configure:29516: g++ -std=gnu++11 -E  conftest.cpp
configure:29523: $? = 0
configure:29537: result: yes
configure:29570: checking for gsl/gsl_errno.h
configure:29579: result: yes
configure:29459: checking gsl/gsl_integration.h usability
configure:29476: g++ -std=gnu++11 -c -g -O2  conftest.cpp >&5
configure:29483: $? = 0
configure:29497: result: yes
configure:29501: checking gsl/gsl_integration.h presence
configure:29516: g++ -std=gnu++11 -E  conftest.cpp
configure:29523: $? = 0
configure:29537: result: yes
configure:29570: checking for gsl/gsl_integration.h
configure:29579: result: yes
configure:29608: checking boost/functional/hash/hash.hpp usability
configure:29625: g++ -std=gnu++11 -c -g -O2  conftest.cpp >&5
configure:29632: $? = 0
configure:29646: result: yes
configure:29650: checking boost/functional/hash/hash.hpp presence
configure:29665: g++ -std=gnu++11 -E  conftest.cpp
configure:29672: $? = 0
configure:29686: result: yes
configure:29719: checking for boost/functional/hash/hash.hpp
configure:29726: result: yes
configure:29739: checking for ANSI C header files
configure:29907: result: yes
configure:29917: checking whether time.h and sys/time.h may both be included
configure:29947: g++ -std=gnu++11 -c -g -O2  conftest.cpp >&5
configure:29954: $? = 0
configure:29969: result: yes
configure:29986: checking for gettimeofday
configure:30042: g++ -std=gnu++11 -o conftest -g -O2   conftest.cpp -lstdc++ -lgsl -lgslcblas -lm  >&5
configure:30049: $? = 0
configure:30071: result: yes
configure:29986: checking for memcpy
configure:30042: g++ -std=gnu++11 -o conftest -g -O2   conftest.cpp -lstdc++ -lgsl -lgslcblas -lm  >&5
configure:30049: $? = 0
configure:30071: result: yes
configure:29986: checking for memset
configure:30042: g++ -std=gnu++11 -o conftest -g -O2   conftest.cpp -lstdc++ -lgsl -lgslcblas -lm  >&5
configure:30049: $? = 0
configure:30071: result: yes
configure:30088: checking for stdlib.h
configure:30095: result: yes
configure:30234: checking for GNU libc compatible malloc
configure:30268: g++ -std=gnu++11 -o conftest -g -O2   conftest.cpp -lstdc++ -lgsl -lgslcblas -lm  >&5
configure:30272: $? = 0
configure:30278: ./conftest
configure:30282: $? = 0
configure:30299: result: yes
configure:30328: checking for size_t
configure:30356: g++ -std=gnu++11 -c -g -O2  conftest.cpp >&5
configure:30363: $? = 0
configure:30390: g++ -std=gnu++11 -c -g -O2  conftest.cpp >&5
conftest.cpp: In function 'int main()':
conftest.cpp:94:20: error: expected primary-expression before ')' token
 if (sizeof ((size_t)))
                    ^
configure:30397: $? = 1
configure: failed program was:
| /* confdefs.h.  */
| #define PACKAGE_NAME "FastMath"
| #define PACKAGE_TARNAME "fastmath"
| #define PACKAGE_VERSION "1.1"
| #define PACKAGE_STRING "FastMath 1.1"
| #define PACKAGE_BUGREPORT "w.cunningham@northeastern.edu"
| #define PACKAGE "fastmath"
| #define VERSION "1.1"
| #define HAVE_CXX11 1
| #define HAVE_BOOST 1
| #define HAVE_LIBM 1
| #define HAVE_LIBGSLCBLAS 1
| #define HAVE_LIBGSL 1
| #define HAVE_LIBSTDC__ 1
| #define HAVE_SRC_STOPWATCH_CPP 1
| #define HAVE_SRC_FASTMATH_CPP 1
| #define HAVE_SRC_FASTNUMINT_CPP 1
| #define HAVE_INC_STOPWATCH_H 1
| #define HAVE_INC_FASTMATH_H 1
| #define HAVE_INC_FASTNUMINT_H 1
| #define HAVE_INC_FASTBITSET_H 1
| #define HAVE_INC_FASTAPPROX_H 1
| #define HAVE_NINT_NINT_CPP 1
| #define HAVE_NINT_NINT_HPP 1
| #define STDC_HEADERS 1
| #define HAVE_SYS_TYPES_H 1
| #define HAVE_SYS_STAT_H 1
| #define HAVE_STDLIB_H 1
| #define HAVE_STRING_H 1
| #define HAVE_MEMORY_H 1
| #define HAVE_STRINGS_H 1
| #define HAVE_INTTYPES_H 1
| #define HAVE_STDINT_H 1
| #define HAVE_UNISTD_H 1
| #define HAVE_ASSERT_H 1
| #define HAVE_CSTDLIB 1
| #define HAVE_ALGORITHM 1
| #define HAVE_CSTRING 1
| #define HAVE_INTTYPES_H 1
| #define HAVE_LIMITS_H 1
| #define HAVE_MATH_H 1
| #define HAVE_NEW 1
| #define HAVE_STDDEF_H 1
| #define HAVE_STDIO_H 1
| #define HAVE_STDLIB_H 1
| #define HAVE_SSTREAM 1
| #define HAVE_STDINT_H 1
| #define HAVE_GSL_GSL_ERRNO_H 1
| #define HAVE_GSL_GSL_INTEGRATION_H 1
| #define STDC_HEADERS 1
| #define TIME_WITH_SYS_TIME 1
| #define HAVE_GETTIMEOFDAY 1
| #define HAVE_MEMCPY 1
| #define HAVE_MEMSET 1
| #define HAVE_STDLIB_H 1
| #define HAVE_MALLOC 1
| /* end confdefs.h.  */
| #include <stdio.h>
| #ifdef HAVE_SYS_TYPES_H
| # include <sys/types.h>
| #endif
| #ifdef HAVE_SYS_STAT_H
| # include <sys/stat.h>
| #endif
| #ifdef STDC_HEADERS
| # include <stdlib.h>
| # include <stddef.h>
| #else
| # ifdef HAVE_STDLIB_H
| #  include <stdlib.h>
| # endif
| #endif
| #ifdef HAVE_STRING_H
| # if !defined STDC_HEADERS && defined HAVE_MEMORY_H
| #  include <memory.h>
| # endif
| # include <string.h>
| #endif
| #ifdef HAVE_STRINGS_H
| # include <strings.h>
| #endif
| #ifdef HAVE_INTTYPES_H
| # include <inttypes.h>
| #endif
| #ifdef HAVE_STDINT_H
| # include <stdint.h>
| #endif
| #ifdef HAVE_UNISTD_H
| # include <unistd.h>
| #endif
| int
| main ()
| {
| if (sizeof ((size_t)))
| 	  return 0;
|   ;
|   return 0;
| }
configure:30420: result: yes
configure:30433: checking for uint64_t
configure:30464: g++ -std=gnu++11 -c -g -O2  conftest.cpp >&5
configure:30471: $? = 0
configure:30492: result: yes
configure:30509: checking for inline
configure:30535: g++ -std=gnu++11 -c -g -O2  conftest.cpp >&5
configure:30542: $? = 0
configure:30560: result: inline
configure:30579: checking for an ANSI C-conforming const
configure:30654: g++ -std=gnu++11 -c -g -O2  conftest.cpp >&5
configure:30661: $? = 0
configure:30676: result: yes
configure:30686: checking for working volatile
configure:30715: g++ -std=gnu++11 -c -g -O2  conftest.cpp >&5
configure:30722: $? = 0
configure:30737: result: yes
configure:30756: checking for gcc __builtin_cpu_init function
configure:30792: gcc -o conftest -g -O2   conftest.c -lstdc++ -lgsl -lgslcblas -lm  >&5
configure:30796: $? = 0
configure:30802: ./conftest
configure:30806: $? = 0
configure:30823: result: yes
configure:30841: checking for x86 avx2 instruction support
configure:30880: gcc -o conftest -g -O2   conftest.c -lstdc++ -lgsl -lgslcblas -lm  >&5
configure:30884: $? = 0
configure:30890: ./conftest
configure:30894: $? = 1
configure: program exited with status 1
configure: failed program was:
| /* confdefs.h.  */
| #define PACKAGE_NAME "FastMath"
| #define PACKAGE_TARNAME "fastmath"
| #define PACKAGE_VERSION "1.1"
| #define PACKAGE_STRING "FastMath 1.1"
| #define PACKAGE_BUGREPORT "w.cunningham@northeastern.edu"
| #define PACKAGE "fastmath"
| #define VERSION "1.1"
| #define HAVE_CXX11 1
| #define HAVE_BOOST 1
| #define HAVE_LIBM 1
| #define HAVE_LIBGSLCBLAS 1
| #define HAVE_LIBGSL 1
| #define HAVE_LIBSTDC__ 1
| #define HAVE_SRC_STOPWATCH_CPP 1
| #define HAVE_SRC_FASTMATH_CPP 1
| #define HAVE_SRC_FASTNUMINT_CPP 1
| #define HAVE_INC_STOPWATCH_H 1
| #define HAVE_INC_FASTMATH_H 1
| #define HAVE_INC_FASTNUMINT_H 1
| #define HAVE_INC_FASTBITSET_H 1
| #define HAVE_INC_FASTAPPROX_H 1
| #define HAVE_NINT_NINT_CPP 1
| #define HAVE_NINT_NINT_HPP 1
| #define STDC_HEADERS 1
| #define HAVE_SYS_TYPES_H 1
| #define HAVE_SYS_STAT_H 1
| #define HAVE_STDLIB_H 1
| #define HAVE_STRING_H 1
| #define HAVE_MEMORY_H 1
| #define HAVE_STRINGS_H 1
| #define HAVE_INTTYPES_H 1
| #define HAVE_STDINT_H 1
| #define HAVE_UNISTD_H 1
| #define HAVE_ASSERT_H 1
| #define HAVE_CSTDLIB 1
| #define HAVE_ALGORITHM 1
| #define HAVE_CSTRING 1
| #define HAVE_INTTYPES_H 1
| #define HAVE_LIMITS_H 1
| #define HAVE_MATH_H 1
| #define HAVE_NEW 1
| #define HAVE_STDDEF_H 1
| #define HAVE_STDIO_H 1
| #define HAVE_STDLIB_H 1
| #define HAVE_SSTREAM 1
| #define HAVE_STDINT_H 1
| #define HAVE_GSL_GSL_ERRNO_H 1
| #define HAVE_GSL_GSL_INTEGRATION_H 1
| #define STDC_HEADERS 1
| #define TIME_WITH_SYS_TIME 1
| #define HAVE_GETTIMEOFDAY 1
| #define HAVE_MEMCPY 1
| #define HAVE_MEMSET 1
| #define HAVE_STDLIB_H 1
| #define HAVE_MALLOC 1
| /* end confdefs.h.  */
| #include <stdlib.h>
| int
| main ()
| {
|  __builtin_cpu_init ();
|          if (__builtin_cpu_supports("avx2"))
|            return 0;
|          return 1;
| 
|   ;
|   return 0;
| }
configure:30913: result: no
configure:30944: checking for x86 popcnt instruction support
configure:30983: gcc -o conftest -g -O2   conftest.c -lstdc++ -lgsl -lgslcblas -lm  >&5
configure:30987: $? = 0
configure:30993: ./conftest
configure:30997: $? = 0
configure:31016: result: yes
configure:31046: checking build system type
configure:31064: result: x86_64-unknown-linux-gnu
configure:31086: checking host system type
configure:31101: result: x86_64-unknown-linux-gnu
configure:31137: checking for gcc architecture flag
configure:31139: result: 
configure:31161: checking for x86 cpuid 0 output
configure:31203: gcc -o conftest -g -O2   conftest.c -lstdc++ -lgsl -lgslcblas -lm  >&5
configure:31207: $? = 0
configure:31213: ./conftest
configure:31217: $? = 0
configure:31234: result: d:756e6547:6c65746e:49656e69
configure:31251: checking for x86 cpuid 1 output
configure:31293: gcc -o conftest -g -O2   conftest.c -lstdc++ -lgsl -lgslcblas -lm  >&5
configure:31297: $? = 0
configure:31303: ./conftest
configure:31307: $? = 0
configure:31324: result: 206d7:4200800:1fbee3ff:bfebfbff
configure:31504: checking whether C compiler accepts -march=sandybridge
configure:31533: gcc -c -g -O2  -march=sandybridge  conftest.c >&5
conftest.c:1:0: error: bad value (sandybridge) for -march= switch
 /* confdefs.h.  */
 ^
configure:31540: $? = 1
configure: failed program was:
| /* confdefs.h.  */
| #define PACKAGE_NAME "FastMath"
| #define PACKAGE_TARNAME "fastmath"
| #define PACKAGE_VERSION "1.1"
| #define PACKAGE_STRING "FastMath 1.1"
| #define PACKAGE_BUGREPORT "w.cunningham@northeastern.edu"
| #define PACKAGE "fastmath"
| #define VERSION "1.1"
| #define HAVE_CXX11 1
| #define HAVE_BOOST 1
| #define HAVE_LIBM 1
| #define HAVE_LIBGSLCBLAS 1
| #define HAVE_LIBGSL 1
| #define HAVE_LIBSTDC__ 1
| #define HAVE_SRC_STOPWATCH_CPP 1
| #define HAVE_SRC_FASTMATH_CPP 1
| #define HAVE_SRC_FASTNUMINT_CPP 1
| #define HAVE_INC_STOPWATCH_H 1
| #define HAVE_INC_FASTMATH_H 1
| #define HAVE_INC_FASTNUMINT_H 1
| #define HAVE_INC_FASTBITSET_H 1
| #define HAVE_INC_FASTAPPROX_H 1
| #define HAVE_NINT_NINT_CPP 1
| #define HAVE_NINT_NINT_HPP 1
| #define STDC_HEADERS 1
| #define HAVE_SYS_TYPES_H 1
| #define HAVE_SYS_STAT_H 1
| #define HAVE_STDLIB_H 1
| #define HAVE_STRING_H 1
| #define HAVE_MEMORY_H 1
| #define HAVE_STRINGS_H 1
| #define HAVE_INTTYPES_H 1
| #define HAVE_STDINT_H 1
| #define HAVE_UNISTD_H 1
| #define HAVE_ASSERT_H 1
| #define HAVE_CSTDLIB 1
| #define HAVE_ALGORITHM 1
| #define HAVE_CSTRING 1
| #define HAVE_INTTYPES_H 1
| #define HAVE_LIMITS_H 1
| #define HAVE_MATH_H 1
| #define HAVE_NEW 1
| #define HAVE_STDDEF_H 1
| #define HAVE_STDIO_H 1
| #define HAVE_STDLIB_H 1
| #define HAVE_SSTREAM 1
| #define HAVE_STDINT_H 1
| #define HAVE_GSL_GSL_ERRNO_H 1
| #define HAVE_GSL_GSL_INTEGRATION_H 1
| #define STDC_HEADERS 1
| #define TIME_WITH_SYS_TIME 1
| #define HAVE_GETTIMEOFDAY 1
| #define HAVE_MEMCPY 1
| #define HAVE_MEMSET 1
| #define HAVE_STDLIB_H 1
| #define HAVE_MALLOC 1
| #define HAVE_POPCNT_INSTRUCTIONS 1
| /* end confdefs.h.  */
| 
| int
| main ()
| {
| 
|   ;
|   return 0;
| }
configure:31558: result: no
configure:31504: checking whether C compiler accepts -march=corei7-avx
configure:31533: gcc -c -g -O2  -march=corei7-avx  conftest.c >&5
configure:31540: $? = 0
configure:31558: result: yes
configure:31582: checking for gcc architecture flag
configure:31584: result: -march=corei7-avx
configure:31734: creating ./config.status

## ---------------------- ##
## Running config.status. ##
## ---------------------- ##

This file was extended by FastMath config.status 1.1, which was
generated by GNU Autoconf 2.63.  Invocation command line was

  CONFIG_FILES    = 
  CONFIG_HEADERS  = 
  CONFIG_LINKS    = 
  CONFIG_COMMANDS = 
  $ ./config.status 

on discovery2.neu.edu

config.status:841: creating Makefile
config.status:841: creating nint/Makefile
config.status:841: creating src/Makefile
config.status:841: creating inc/config.h
config.status:1063: inc/config.h is unchanged
config.status:1115: executing depfiles commands

## ---------------- ##
## Cache variables. ##
## ---------------- ##

ac_cv_build=x86_64-unknown-linux-gnu
ac_cv_c_compiler_gnu=yes
ac_cv_c_const=yes
ac_cv_c_inline=inline
ac_cv_c_uint64_t=yes
ac_cv_c_volatile=yes
ac_cv_cxx_compiler_gnu=yes
ac_cv_env_BOOST_ROOT_set=
ac_cv_env_BOOST_ROOT_value=
ac_cv_env_CCC_set=
ac_cv_env_CCC_value=
ac_cv_env_CC_set=
ac_cv_env_CC_value=
ac_cv_env_CFLAGS_set=
ac_cv_env_CFLAGS_value=
ac_cv_env_CPPFLAGS_set=
ac_cv_env_CPPFLAGS_value=
ac_cv_env_CXXCPP_set=
ac_cv_env_CXXCPP_value=
ac_cv_env_CXXFLAGS_set=
ac_cv_env_CXXFLAGS_value=
ac_cv_env_CXX_set=
ac_cv_env_CXX_value=
ac_cv_env_LDFLAGS_set=
ac_cv_env_LDFLAGS_value=
ac_cv_env_LIBS_set=
ac_cv_env_LIBS_value=
ac_cv_env_build_alias_set=
ac_cv_env_build_alias_value=
ac_cv_env_host_alias_set=
ac_cv_env_host_alias_value=
ac_cv_env_target_alias_set=
ac_cv_env_target_alias_value=
ac_cv_file_inc_FastBitset_h=yes
ac_cv_file_inc_FastMath_h=yes
ac_cv_file_inc_FastNumInt_h=yes
ac_cv_file_inc_fastapprox_h=yes
ac_cv_file_inc_stopwatch_h=yes
ac_cv_file_nint_nint_cpp=yes
ac_cv_file_nint_nint_hpp=yes
ac_cv_file_src_FastMath_cpp=yes
ac_cv_file_src_FastNumInt_cpp=yes
ac_cv_file_src_stopwatch_cpp=yes
ac_cv_func_gettimeofday=yes
ac_cv_func_malloc_0_nonnull=yes
ac_cv_func_memcpy=yes
ac_cv_func_memset=yes
ac_cv_header_algorithm=yes
ac_cv_header_assert_h=yes
ac_cv_header_boost_functional_hash_hash_hpp=yes
ac_cv_header_cstdlib=yes
ac_cv_header_cstring=yes
ac_cv_header_emmintrin_h=yes
ac_cv_header_gsl_gsl_errno_h=yes
ac_cv_header_gsl_gsl_integration_h=yes
ac_cv_header_inttypes_h=yes
ac_cv_header_limits_h=yes
ac_cv_header_math_h=yes
ac_cv_header_memory_h=yes
ac_cv_header_new=yes
ac_cv_header_sstream=yes
ac_cv_header_stdc=yes
ac_cv_header_stddef_h=yes
ac_cv_header_stdint_h=yes
ac_cv_header_stdio_h=yes
ac_cv_header_stdlib_h=yes
ac_cv_header_string_h=yes
ac_cv_header_strings_h=yes
ac_cv_header_sys_stat_h=yes
ac_cv_header_sys_types_h=yes
ac_cv_header_time=yes
ac_cv_header_unistd_h=yes
ac_cv_host=x86_64-unknown-linux-gnu
ac_cv_lib_gsl_gsl_blas_dgemm=yes
ac_cv_lib_gslcblas_cblas_dgemm=yes
ac_cv_lib_m_cos=yes
ac_cv_lib_stdcpp_main=yes
ac_cv_objext=o
ac_cv_path_EGREP='/bin/grep -E'
ac_cv_path_GREP=/bin/grep
ac_cv_path_GSL_CONFIG=/usr/bin/gsl-config
ac_cv_path_SED=/bin/sed
ac_cv_path_install='/usr/bin/install -c'
ac_cv_path_mkdir=/bin/mkdir
ac_cv_prog_AWK=gawk
ac_cv_prog_CXXCPP='g++ -std=gnu++11 -E'
ac_cv_prog_ac_ct_CC=gcc
ac_cv_prog_ac_ct_CXX=g++
ac_cv_prog_ac_ct_RANLIB=ranlib
ac_cv_prog_cc_c89=
ac_cv_prog_cc_g=yes
ac_cv_prog_cxx_g=yes
ac_cv_prog_make_make_set=yes
ac_cv_type_size_t=yes
am_cv_CC_dependencies_compiler_type=gcc3
am_cv_CXX_dependencies_compiler_type=gcc3
ax_cv_check_cflags___march_corei7_avx=yes
ax_cv_check_cflags___march_sandybridge=no
ax_cv_cxx_compile_cxx11=no
ax_cv_cxx_compile_cxx11__std_gnupp11=yes
ax_cv_cxx_compiler_vendor=gnu
ax_cv_cxx_compiler_version=4.8.1
ax_cv_gcc_archflag=-march=corei7-avx
ax_cv_gcc_check_x86_cpu_init=yes
ax_cv_gcc_x86_cpu_supports_avx2=no
ax_cv_gcc_x86_cpu_supports_popcnt=yes
ax_cv_gcc_x86_cpuid_0=d:756e6547:6c65746e:49656e69
ax_cv_gcc_x86_cpuid_1=206d7:4200800:1fbee3ff:bfebfbff
boost_cv_inc_path=yes
boost_cv_lib_version=1_55

## ----------------- ##
## Output variables. ##
## ----------------- ##

ACLOCAL='${SHELL} /home/cunningham.wi/projects/fastmath/missing --run aclocal-1.11'
AMDEPBACKSLASH='\'
AMDEP_FALSE='#'
AMDEP_TRUE=''
AMTAR='${SHELL} /home/cunningham.wi/projects/fastmath/missing --run tar'
AUTOCONF='${SHELL} /home/cunningham.wi/projects/fastmath/missing --run autoconf'
AUTOHEADER='${SHELL} /home/cunningham.wi/projects/fastmath/missing --run autoheader'
AUTOMAKE='${SHELL} /home/cunningham.wi/projects/fastmath/missing --run automake-1.11'
AWK='gawk'
BOOST_CPPFLAGS=''
BOOST_ROOT=''
CC='gcc'
CCDEPMODE='depmode=gcc3'
CFLAGS='-g -O2 -march=corei7-avx'
CPPFLAGS=''
CXX='g++ -std=gnu++11'
CXXCPP='g++ -std=gnu++11 -E'
CXXDEPMODE='depmode=gcc3'
CXXFLAGS='-g -O3 -DBOOST_NO_FENV_H -Wno-narrowing -mpopcnt -march=corei7-avx'
CYGPATH_W='echo'
DEFS='-DHAVE_CONFIG_H'
DEPDIR='.deps'
DISTCHECK_CONFIGURE_FLAGS=' '\''--with-boost='\'''
ECHO_C=''
ECHO_N='-n'
ECHO_T=''
EGREP='/bin/grep -E'
EXEEXT=''
GREP='/bin/grep'
GSL_CFLAGS='-I/usr/include'
GSL_CONFIG='/usr/bin/gsl-config'
GSL_LIBS='-lgsl -lgslcblas -lm'
HAVE_CXX11='1'
INSTALL_DATA='${INSTALL} -m 644'
INSTALL_PROGRAM='${INSTALL}'
INSTALL_SCRIPT='${INSTALL}'
INSTALL_STRIP_PROGRAM='$(install_sh) -c -s'
LDFLAGS=''
LIBOBJS=''
LIBS='-lstdc++ -lgsl -lgslcblas -lm '
LTLIBOBJS=''
MAKEINFO='${SHELL} /home/cunningham.wi/projects/fastmath/missing --run makeinfo'
MKDIR_P='/bin/mkdir -p'
OBJEXT='o'
PACKAGE='fastmath'
PACKAGE_BUGREPORT='w.cunningham@northeastern.edu'
PACKAGE_NAME='FastMath'
PACKAGE_STRING='FastMath 1.1'
PACKAGE_TARNAME='fastmath'
PACKAGE_VERSION='1.1'
PATH_SEPARATOR=':'
PRTDIAG=''
RANLIB='ranlib'
SED='/bin/sed'
SET_MAKE=''
SHELL='/bin/sh'
STRIP=''
VERSION='1.1'
ac_ct_CC='gcc'
ac_ct_CXX='g++'
am__EXEEXT_FALSE=''
am__EXEEXT_TRUE='#'
am__fastdepCC_FALSE='#'
am__fastdepCC_TRUE=''
am__fastdepCXX_FALSE='#'
am__fastdepCXX_TRUE=''
am__include='include'
am__isrc=''
am__leading_dot='.'
am__quote=''
am__tar='${AMTAR} chof - "$$tardir"'
am__untar='${AMTAR} xf -'
bindir='${exec_prefix}/bin'
build='x86_64-unknown-linux-gnu'
build_alias=''
build_cpu='x86_64'
build_os='linux-gnu'
build_vendor='unknown'
datadir='${datarootdir}'
datarootdir='${prefix}/share'
docdir='${datarootdir}/doc/${PACKAGE_TARNAME}'
dvidir='${docdir}'
exec_prefix='${prefix}'
host='x86_64-unknown-linux-gnu'
host_alias=''
host_cpu='x86_64'
host_os='linux-gnu'
host_vendor='unknown'
htmldir='${docdir}'
includedir='${prefix}/include'
infodir='${datarootdir}/info'
install_sh='${SHELL} /home/cunningham.wi/projects/fastmath/install-sh'
libdir='${exec_prefix}/lib'
libexecdir='${exec_prefix}/libexec'
localedir='${datarootdir}/locale'
localstatedir='${prefix}/var'
mandir='${datarootdir}/man'
mkdir_p='/bin/mkdir -p'
oldincludedir='/usr/include'
pdfdir='${docdir}'
prefix='/home/cunningham.wi/release/fastmath'
program_transform_name='s,x,x,'
psdir='${docdir}'
sbindir='${exec_prefix}/sbin'
sharedstatedir='${prefix}/com'
sysconfdir='${prefix}/etc'
target_alias=''
xtra='omp.h stdint-gcc.h x86intrin.h stdnoreturn.h bmmintrin.h emmintrin.h xmmintrin.h stdbool.h popcntintrin.h mm_malloc.h stddef.h fmaintrin.h jawt.h float.h quadmath_weak.h xsaveintrin.h mmintrin.h jawt_md.h quadmath.h bmi2intrin.h wmmintrin.h immintrin.h bmiintrin.h ia32intrin.h xopintrin.h unwind.h avxintrin.h varargs.h mf-runtime.h ammintrin.h lwpintrin.h avx2intrin.h cpuid.h mm3dnow.h fma4intrin.h iso646.h rdseedintrin.h nmmintrin.h cross-stdarg.h jni_md.h prfchwintrin.h stdint.h lzcntintrin.h stdfix.h tbmintrin.h xtestintrin.h stdarg.h smmintrin.h jni.h fxsrintrin.h g2c.h jvmpi.h f16cintrin.h pmmintrin.h rtmintrin.h xsaveoptintrin.h stdalign.h tmmintrin.h'

## ----------- ##
## confdefs.h. ##
## ----------- ##

#define PACKAGE_NAME "FastMath"
#define PACKAGE_TARNAME "fastmath"
#define PACKAGE_VERSION "1.1"
#define PACKAGE_STRING "FastMath 1.1"
#define PACKAGE_BUGREPORT "w.cunningham@northeastern.edu"
#define PACKAGE "fastmath"
#define VERSION "1.1"
#define HAVE_CXX11 1
#define HAVE_BOOST 1
#define HAVE_LIBM 1
#define HAVE_LIBGSLCBLAS 1
#define HAVE_LIBGSL 1
#define HAVE_LIBSTDC__ 1
#define HAVE_SRC_STOPWATCH_CPP 1
#define HAVE_SRC_FASTMATH_CPP 1
#define HAVE_SRC_FASTNUMINT_CPP 1
#define HAVE_INC_STOPWATCH_H 1
#define HAVE_INC_FASTMATH_H 1
#define HAVE_INC_FASTNUMINT_H 1
#define HAVE_INC_FASTBITSET_H 1
#define HAVE_INC_FASTAPPROX_H 1
#define HAVE_NINT_NINT_CPP 1
#define HAVE_NINT_NINT_HPP 1
#define STDC_HEADERS 1
#define HAVE_SYS_TYPES_H 1
#define HAVE_SYS_STAT_H 1
#define HAVE_STDLIB_H 1
#define HAVE_STRING_H 1
#define HAVE_MEMORY_H 1
#define HAVE_STRINGS_H 1
#define HAVE_INTTYPES_H 1
#define HAVE_STDINT_H 1
#define HAVE_UNISTD_H 1
#define HAVE_ASSERT_H 1
#define HAVE_CSTDLIB 1
#define HAVE_ALGORITHM 1
#define HAVE_CSTRING 1
#define HAVE_INTTYPES_H 1
#define HAVE_LIMITS_H 1
#define HAVE_MATH_H 1
#define HAVE_NEW 1
#define HAVE_STDDEF_H 1
#define HAVE_STDIO_H 1
#define HAVE_STDLIB_H 1
#define HAVE_SSTREAM 1
#define HAVE_STDINT_H 1
#define HAVE_GSL_GSL_ERRNO_H 1
#define HAVE_GSL_GSL_INTEGRATION_H 1
#define STDC_HEADERS 1
#define TIME_WITH_SYS_TIME 1
#define HAVE_GETTIMEOFDAY 1
#define HAVE_MEMCPY 1
#define HAVE_MEMSET 1
#define HAVE_STDLIB_H 1
#define HAVE_MALLOC 1
#define HAVE_POPCNT_INSTRUCTIONS 1

configure: exit 0
